 115332 | Valkyrie
 117848 | Valkyrie
 116090 | Valkyrie
 117346 | Valkyrie
 115759 | Valkyrie
 116091 | Valkyrie
 117849 | Valkyrie
 120786 | Valkyrie
 110086 | Valkyrie
 117691 | Valkyrie
 116092 | Valkyrie
 117850 | Valkyrie
 117348 | Valkyrie
 116093 | Valkyrie
 119477 | Valkyrie
 111768 | Valkyrie
 115762 | Valkyrie
 116094 | Valkyrie
 117349 | Valkyrie
 119154 | Valkyrie
 111709 | Valkyrie
 117350 | Valkyrie
 116095 | Valkyrie
 116395 | Valkyrie
 115106 | Valkyrie
 116096 | Valkyrie
 117351 | Valkyrie
 115107 | Valkyrie
 115339 | Valkyrie
 116097 | Valkyrie
 117696 | Valkyrie
 117025 | Valkyrie
 118819 | Valkyrie
 115108 | Valkyrie
 119482 | Valkyrie
 117353 | Valkyrie
 116098 | Valkyrie
 117697 | Valkyrie
 119803 | Valkyrie
 120134 | Valkyrie
 111772 | Valkyrie
 115109 | Valkyrie
 115341 | Valkyrie
 115767 | Valkyrie
 116099 | Valkyrie
 118821 | Valkyrie
 111774 | Valkyrie
 115342 | Valkyrie
 115768 | Valkyrie
 110523 | Valkyrie
 118822 | Valkyrie
 111775 | Valkyrie
 119161 | Valkyrie
 117356 | Valkyrie
 116100 | Valkyrie
 116447 | Valkyrie
 116101 | Valkyrie
 119162 | Valkyrie
 118824 | Valkyrie
 115113 | Valkyrie
 115345 | Valkyrie
 119487 | Valkyrie
 116102 | Valkyrie
 119163 | Valkyrie
 111778 | Valkyrie
 116103 | Valkyrie
 117860 | Valkyrie
 119164 | Valkyrie
 111779 | Valkyrie
 117861 | Valkyrie
 115347 | Valkyrie
 116104 | Valkyrie
 116487 | Valkyrie
 115348 | Valkyrie
 117704 | Valkyrie
 116489 | Valkyrie
 117863 | Valkyrie
 121018 | Valkyrie
 118178 | Valkyrie
 115350 | Valkyrie
 116490 | Valkyrie
 117864 | Valkyrie
 118830 | Valkyrie
 111802 | Valkyrie
 119493 | Valkyrie
 115351 | Valkyrie
 118179 | Valkyrie
 111803 | Valkyrie
 119494 | Valkyrie
 117365 | Valkyrie
 116492 | Valkyrie
 117039 | Valkyrie
 119495 | Valkyrie
 117366 | Valkyrie
 116110 | Valkyrie
 111805 | Valkyrie
 119496 | Valkyrie
 115354 | Valkyrie
 115780 | Valkyrie
 117040 | Valkyrie
 115781 | Valkyrie
 116495 | Valkyrie
 118183 | Valkyrie
 115782 | Valkyrie
 121019 | Valkyrie
 109248 | Valkyrie
 118185 | Valkyrie
 115783 | Valkyrie
 116114 | Valkyrie
 117713 | Valkyrie
 119499 | Valkyrie
 119786 | Valkyrie
 117714 | Valkyrie
 118186 | Valkyrie
 119176 | Valkyrie
 119500 | Valkyrie
 115359 | Valkyrie
 116116 | Valkyrie
 118187 | Valkyrie
 119177 | Valkyrie
 117715 | Valkyrie
 111831 | Valkyrie
 118188 | Valkyrie
 115786 | Valkyrie
 117716 | Valkyrie
 119178 | Valkyrie
 111835 | Valkyrie
 115129 | Valkyrie
 117875 | Valkyrie
 118189 | Valkyrie
 111836 | Valkyrie
 116502 | Valkyrie
 117876 | Valkyrie
 119180 | Valkyrie
 119505 | Valkyrie
 116503 | Valkyrie
 119181 | Valkyrie
 115132 | Valkyrie
 116504 | Valkyrie
 118192 | Valkyrie
 120458 | Valkyrie
 111839 | Valkyrie
 107261 | Valkyrie
 118193 | Valkyrie
 120459 | Valkyrie
 111840 | Valkyrie
 100121 | Valkyrie
 116505 | Valkyrie
 120460 | Valkyrie
 115135 | Valkyrie
 120461 | Valkyrie
 118195 | Valkyrie
 116506 | Valkyrie
 115136 | Valkyrie
 118522 | Valkyrie
 117053 | Valkyrie
 121021 | Valkyrie
 119830 | Valkyrie
 116508 | Valkyrie
 116731 | Valkyrie
 118197 | Valkyrie
 117054 | Valkyrie
 120801 | Valkyrie
 119831 | Valkyrie
 116509 | Valkyrie
 116732 | Valkyrie
 118198 | Valkyrie
 117055 | Valkyrie
 118851 | Valkyrie
 115651 | Valkyrie
 116733 | Valkyrie
 119512 | Valkyrie
 119189 | Valkyrie
 118852 | Valkyrie
 115652 | Valkyrie
 116734 | Valkyrie
 118200 | Valkyrie
 115653 | Valkyrie
 117058 | Valkyrie
 116735 | Valkyrie
 118853 | Valkyrie
 119834 | Valkyrie
 121192 | Valkyrie
 115654 | Valkyrie
 117059 | Valkyrie
 116736 | Valkyrie
 118854 | Valkyrie
 119835 | Valkyrie
 121022 | Valkyrie
 120164 | Valkyrie
 116737 | Valkyrie
 115801 | Valkyrie
 116510 | Valkyrie
 117731 | Valkyrie
 120468 | Valkyrie
 120803 | Valkyrie
 117732 | Valkyrie
 116738 | Valkyrie
 116133 | Valkyrie
 116511 | Valkyrie
 117061 | Valkyrie
 120166 | Valkyrie
 116739 | Valkyrie
 116134 | Valkyrie
 115736 | Valkyrie
 117733 | Valkyrie
 118205 | Valkyrie
 119838 | Valkyrie
 117734 | Valkyrie
 116512 | Valkyrie
 116740 | Valkyrie
 120167 | Valkyrie
 121023 | Valkyrie
 116136 | Valkyrie
 117735 | Valkyrie
 116741 | Valkyrie
 117393 | Valkyrie
 117736 | Valkyrie
 116137 | Valkyrie
 116514 | Valkyrie
 118860 | Valkyrie
 116743 | Valkyrie
 116515 | Valkyrie
 117394 | Valkyrie
 117737 | Valkyrie
 118861 | Valkyrie
 115149 | Valkyrie
 118862 | Valkyrie
 117395 | Valkyrie
 116516 | Valkyrie
 117738 | Valkyrie
 117396 | Valkyrie
 116140 | Valkyrie
 117739 | Valkyrie
 117891 | Valkyrie
 120171 | Valkyrie
 115151 | Valkyrie
 118864 | Valkyrie
 116518 | Valkyrie
 117740 | Valkyrie
 116746 | Valkyrie
 117741 | Valkyrie
 118865 | Valkyrie
 116747 | Valkyrie
 116519 | Valkyrie
 120172 | Valkyrie
 119845 | Valkyrie
 117742 | Valkyrie
 115812 | Valkyrie
 116748 | Valkyrie
 120808 | Valkyrie
 117743 | Valkyrie
 115813 | Valkyrie
 116749 | Valkyrie
 118867 | Valkyrie
 115814 | Valkyrie
 120810 | Valkyrie
 120175 | Valkyrie
 121028 | Valkyrie
 115815 | Valkyrie
 119849 | Valkyrie
 118545 | Valkyrie
 117900 | Valkyrie
 116149 | Valkyrie
 118546 | Valkyrie
 118547 | Valkyrie
 115818 | Valkyrie
 117901 | Valkyrie
 119853 | Valkyrie
 111875 | Valkyrie
 117750 | Valkyrie
 115819 | Valkyrie
 117902 | Valkyrie
 108391 | Valkyrie
 118222 | Valkyrie
 111876 | Valkyrie
 118549 | Valkyrie
 117903 | Valkyrie
 118223 | Valkyrie
 111877 | Valkyrie
 117752 | Valkyrie
 117904 | Valkyrie
 111878 | Valkyrie
 117905 | Valkyrie
 119215 | Valkyrie
 120319 | Valkyrie
 117906 | Valkyrie
 118552 | Valkyrie
 117907 | Valkyrie
 115824 | Valkyrie
 121317 | Valkyrie
 121033 | Valkyrie
 117908 | Valkyrie
 120490 | Valkyrie
 111897 | Valkyrie
 111898 | Valkyrie
 115402 | Valkyrie
 115827 | Valkyrie
 117406 | Valkyrie
 111899 | Valkyrie
 115403 | Valkyrie
 115828 | Valkyrie
 121036 | Valkyrie
 111915 | Valkyrie
 115404 | Valkyrie
 118558 | Valkyrie
 117912 | Valkyrie
 120191 | Valkyrie
 111916 | Valkyrie
 117913 | Valkyrie
 115405 | Valkyrie
 118559 | Valkyrie
 119223 | Valkyrie
 119224 | Valkyrie
 115406 | Valkyrie
 118234 | Valkyrie
 119547 | Valkyrie
 110465 | Valkyrie
 111918 | Valkyrie
 119225 | Valkyrie
 111920 | Valkyrie
 119868 | Valkyrie
 119226 | Valkyrie
 111933 | Valkyrie
 117094 | Valkyrie
 116770 | Valkyrie
 111934 | Valkyrie
 119228 | Valkyrie
 115410 | Valkyrie
 111936 | Valkyrie
 116772 | Valkyrie
 118565 | Valkyrie
 119229 | Valkyrie
 119871 | Valkyrie
 117767 | Valkyrie
 115412 | Valkyrie
 117416 | Valkyrie
 118566 | Valkyrie
 116546 | Valkyrie
 119872 | Valkyrie
 111941 | Valkyrie
 117417 | Valkyrie
 116547 | Valkyrie
 111942 | Valkyrie
 118568 | Valkyrie
 117418 | Valkyrie
 107327 | Valkyrie
 116548 | Valkyrie
 111943 | Valkyrie
 117419 | Valkyrie
 115840 | Valkyrie
 116549 | Valkyrie
 117922 | Valkyrie
 120823 | Valkyrie
 111944 | Valkyrie
 118570 | Valkyrie
 115841 | Valkyrie
 118244 | Valkyrie
 121039 | Valkyrie
 120824 | Valkyrie
 111945 | Valkyrie
 115842 | Valkyrie
 118245 | Valkyrie
 116174 | Valkyrie
 118571 | Valkyrie
 117772 | Valkyrie
 120203 | Valkyrie
 111946 | Valkyrie
 117103 | Valkyrie
 118572 | Valkyrie
 115843 | Valkyrie
 120204 | Valkyrie
 118246 | Valkyrie
 111388 | Valkyrie
 115844 | Valkyrie
 117423 | Valkyrie
 118247 | Valkyrie
 119879 | Valkyrie
 115845 | Valkyrie
 118248 | Valkyrie
 117424 | Valkyrie
 120205 | Valkyrie
 119880 | Valkyrie
 115846 | Valkyrie
 120206 | Valkyrie
 115847 | Valkyrie
 121040 | Valkyrie
 118901 | Valkyrie
 120826 | Valkyrie
 115848 | Valkyrie
 116557 | Valkyrie
 119564 | Valkyrie
 117427 | Valkyrie
 120509 | Valkyrie
 118252 | Valkyrie
 115849 | Valkyrie
 110010 | Valkyrie
 116558 | Valkyrie
 121041 | Valkyrie
 118253 | Valkyrie
 115425 | Valkyrie
 115850 | Valkyrie
 116559 | Valkyrie
 119566 | Valkyrie
 115851 | Valkyrie
 116560 | Valkyrie
 119567 | Valkyrie
 119568 | Valkyrie
 118225 | Valkyrie
 121043 | Valkyrie
 119569 | Valkyrie
 119476 | Valkyrie
 118908 | Valkyrie
 119570 | Valkyrie
 121207 | Valkyrie
 118909 | Valkyrie
 119571 | Valkyrie
 118910 | Valkyrie
 119572 | Valkyrie
 120214 | Valkyrie
 115857 | Valkyrie
 116566 | Valkyrie
 118911 | Valkyrie
 120215 | Valkyrie
 118912 | Valkyrie
 120216 | Valkyrie
 111973 | Valkyrie
 115859 | Valkyrie
 118913 | Valkyrie
 118262 | Valkyrie
 120834 | Valkyrie
 118263 | Valkyrie
 120835 | Valkyrie
 115861 | Valkyrie
 116797 | Valkyrie
 117121 | Valkyrie
 118264 | Valkyrie
 117122 | Valkyrie
 115862 | Valkyrie
 116798 | Valkyrie
 120521 | Valkyrie
 120837 | Valkyrie
 119898 | Valkyrie
 116195 | Valkyrie
 116799 | Valkyrie
 119579 | Valkyrie
 120838 | Valkyrie
 119257 | Valkyrie
 115864 | Valkyrie
 116196 | Valkyrie
 117946 | Valkyrie
 116800 | Valkyrie
 119580 | Valkyrie
 119899 | Valkyrie
 119258 | Valkyrie
 115207 | Valkyrie
 116197 | Valkyrie
 117947 | Valkyrie
 119581 | Valkyrie
 116802 | Valkyrie
 117126 | Valkyrie
 116198 | Valkyrie
 115441 | Valkyrie
 117948 | Valkyrie
 119901 | Valkyrie
 111986 | Valkyrie
 115209 | Valkyrie
 115867 | Valkyrie
 115442 | Valkyrie
 120524 | Valkyrie
 115210 | Valkyrie
 115868 | Valkyrie
 119584 | Valkyrie
 116200 | Valkyrie
 115443 | Valkyrie
 118271 | Valkyrie
 120226 | Valkyrie
 120525 | Valkyrie
 115444 | Valkyrie
 118923 | Valkyrie
 116201 | Valkyrie
 116578 | Valkyrie
 120526 | Valkyrie
 118272 | Valkyrie
 115212 | Valkyrie
 115445 | Valkyrie
 115870 | Valkyrie
 118273 | Valkyrie
 120197 | Valkyrie
 111993 | Valkyrie
 115446 | Valkyrie
 118600 | Valkyrie
 120229 | Valkyrie
 118274 | Valkyrie
 111994 | Valkyrie
 115447 | Valkyrie
 111995 | Valkyrie
 120529 | Valkyrie
 115448 | Valkyrie
 117802 | Valkyrie
 115215 | Valkyrie
 118602 | Valkyrie
 120231 | Valkyrie
 111997 | Valkyrie
 115449 | Valkyrie
 118603 | Valkyrie
 115216 | Valkyrie
 117803 | Valkyrie
 118226 | Valkyrie
 121325 | Valkyrie
 111999 | Valkyrie
 115217 | Valkyrie
 120848 | Valkyrie
 120233 | Valkyrie
 118604 | Valkyrie
 112000 | Valkyrie
 115218 | Valkyrie
 118279 | Valkyrie
 115451 | Valkyrie
 116208 | Valkyrie
 118605 | Valkyrie
 119911 | Valkyrie
 112001 | Valkyrie
 115219 | Valkyrie
 115452 | Valkyrie
 116209 | Valkyrie
 117138 | Valkyrie
 115220 | Valkyrie
 119271 | Valkyrie
 115453 | Valkyrie
 116210 | Valkyrie
 115454 | Valkyrie
 117961 | Valkyrie
 116211 | Valkyrie
 117139 | Valkyrie
 118282 | Valkyrie
 119595 | Valkyrie
 119913 | Valkyrie
 112021 | Valkyrie
 117140 | Valkyrie
 116212 | Valkyrie
 116589 | Valkyrie
 119914 | Valkyrie
 112022 | Valkyrie
 115456 | Valkyrie
 117963 | Valkyrie
 117810 | Valkyrie
 116590 | Valkyrie
 119597 | Valkyrie
 118935 | Valkyrie
 119915 | Valkyrie
 120534 | Valkyrie
 112023 | Valkyrie
 117964 | Valkyrie
 118936 | Valkyrie
 117142 | Valkyrie
 119916 | Valkyrie
 120535 | Valkyrie
 112024 | Valkyrie
 115225 | Valkyrie
 118612 | Valkyrie
 115458 | Valkyrie
 118286 | Valkyrie
 116592 | Valkyrie
 117965 | Valkyrie
 119599 | Valkyrie
 119917 | Valkyrie
 115459 | Valkyrie
 117966 | Valkyrie
 116820 | Valkyrie
 117144 | Valkyrie
 119600 | Valkyrie
 119918 | Valkyrie
 115227 | Valkyrie
 115885 | Valkyrie
 116594 | Valkyrie
 116821 | Valkyrie
 117967 | Valkyrie
 115228 | Valkyrie
 116595 | Valkyrie
 116823 | Valkyrie
 119921 | Valkyrie
 115230 | Valkyrie
 119922 | Valkyrie
 116824 | Valkyrie
 112034 | Valkyrie
 115231 | Valkyrie
 117971 | Valkyrie
 119923 | Valkyrie
 119605 | Valkyrie
 121058 | Valkyrie
 115465 | Valkyrie
 119606 | Valkyrie
 119924 | Valkyrie
 121326 | Valkyrie
 119607 | Valkyrie
 115233 | Valkyrie
 120248 | Valkyrie
 112038 | Valkyrie
 117471 | Valkyrie
 117974 | Valkyrie
 120249 | Valkyrie
 119608 | Valkyrie
 112039 | Valkyrie
 120250 | Valkyrie
 119927 | Valkyrie
 119609 | Valkyrie
 118946 | Valkyrie
 112040 | Valkyrie
 115237 | Valkyrie
 119929 | Valkyrie
 119611 | Valkyrie
 115238 | Valkyrie
 116832 | Valkyrie
 115471 | Valkyrie
 121059 | Valkyrie
 115239 | Valkyrie
 115472 | Valkyrie
 118300 | Valkyrie
 112046 | Valkyrie
 117827 | Valkyrie
 116607 | Valkyrie
 118301 | Valkyrie
 112048 | Valkyrie
 117478 | Valkyrie
 115474 | Valkyrie
 117828 | Valkyrie
 118628 | Valkyrie
 116608 | Valkyrie
 117159 | Valkyrie
 118302 | Valkyrie
 117982 | Valkyrie
 115475 | Valkyrie
 118629 | Valkyrie
 117479 | Valkyrie
 118303 | Valkyrie
 117829 | Valkyrie
 116836 | Valkyrie
 112050 | Valkyrie
 115476 | Valkyrie
 118304 | Valkyrie
 117480 | Valkyrie
 116610 | Valkyrie
 117830 | Valkyrie
 117983 | Valkyrie
 121060 | Valkyrie
 112051 | Valkyrie
 117481 | Valkyrie
 115477 | Valkyrie
 116611 | Valkyrie
 118305 | Valkyrie
 112052 | Valkyrie
 115478 | Valkyrie
 119937 | Valkyrie
 121061 | Valkyrie
 112053 | Valkyrie
 115479 | Valkyrie
 120554 | Valkyrie
 100118 | Valkyrie
 117165 | Valkyrie
 118634 | Valkyrie
 119299 | Valkyrie
 119622 | Valkyrie
 117166 | Valkyrie
 120262 | Valkyrie
 120263 | Valkyrie
 119300 | Valkyrie
 117167 | Valkyrie
 118637 | Valkyrie
 120264 | Valkyrie
 115250 | Valkyrie
 119302 | Valkyrie
 116844 | Valkyrie
 117169 | Valkyrie
 118638 | Valkyrie
 120265 | Valkyrie
 119625 | Valkyrie
 115251 | Valkyrie
 116845 | Valkyrie
 118962 | Valkyrie
 115252 | Valkyrie
 107647 | Valkyrie
 116243 | Valkyrie
 118314 | Valkyrie
 116846 | Valkyrie
 119304 | Valkyrie
 115253 | Valkyrie
 119946 | Valkyrie
 119305 | Valkyrie
 107648 | Valkyrie
 119306 | Valkyrie
 116848 | Valkyrie
 119629 | Valkyrie
 119947 | Valkyrie
 121327 | Valkyrie
 115255 | Valkyrie
 115914 | Valkyrie
 118966 | Valkyrie
 117994 | Valkyrie
 116849 | Valkyrie
 119630 | Valkyrie
 119948 | Valkyrie
 116850 | Valkyrie
 115915 | Valkyrie
 119949 | Valkyrie
 118644 | Valkyrie
 119632 | Valkyrie
 117996 | Valkyrie
 116248 | Valkyrie
 116625 | Valkyrie
 119309 | Valkyrie
 115917 | Valkyrie
 116626 | Valkyrie
 120567 | Valkyrie
 115918 | Valkyrie
 117998 | Valkyrie
 114996 | Valkyrie
 115919 | Valkyrie
 116251 | Valkyrie
 116252 | Valkyrie
 118000 | Valkyrie
 119313 | Valkyrie
 116253 | Valkyrie
 116630 | Valkyrie
 120882 | Valkyrie
 116631 | Valkyrie
 119315 | Valkyrie
 115263 | Valkyrie
 116632 | Valkyrie
 119316 | Valkyrie
 118003 | Valkyrie
 118971 | Valkyrie
 115264 | Valkyrie
 118004 | Valkyrie
 119317 | Valkyrie
 116256 | Valkyrie
 116633 | Valkyrie
 118972 | Valkyrie
 119295 | Valkyrie
 115265 | Valkyrie
 115925 | Valkyrie
 116860 | Valkyrie
 119641 | Valkyrie
 119318 | Valkyrie
 112120 | Valkyrie
 115266 | Valkyrie
 118006 | Valkyrie
 116861 | Valkyrie
 119642 | Valkyrie
 119319 | Valkyrie
 112122 | Valkyrie
 116862 | Valkyrie
 119320 | Valkyrie
 112123 | Valkyrie
 115928 | Valkyrie
 118008 | Valkyrie
 119321 | Valkyrie
 112124 | Valkyrie
 115504 | Valkyrie
 116261 | Valkyrie
 119322 | Valkyrie
 112125 | Valkyrie
 116262 | Valkyrie
 119646 | Valkyrie
 112126 | Valkyrie
 115271 | Valkyrie
 115931 | Valkyrie
 103238 | Valkyrie
 116640 | Valkyrie
 119324 | Valkyrie
 115272 | Valkyrie
 115932 | Valkyrie
 119648 | Valkyrie
 112132 | Valkyrie
 115273 | Valkyrie
 117512 | Valkyrie
 115508 | Valkyrie
 119967 | Valkyrie
 115933 | Valkyrie
 119649 | Valkyrie
 119326 | Valkyrie
 117513 | Valkyrie
 115274 | Valkyrie
 115934 | Valkyrie
 120290 | Valkyrie
 115510 | Valkyrie
 115935 | Valkyrie
 119969 | Valkyrie
 116870 | Valkyrie
 120165 | Valkyrie
 117514 | Valkyrie
 117515 | Valkyrie
 115511 | Valkyrie
 115936 | Valkyrie
 117196 | Valkyrie
 115512 | Valkyrie
 119971 | Valkyrie
 120893 | Valkyrie
 115513 | Valkyrie
 115938 | Valkyrie
 116873 | Valkyrie
 115514 | Valkyrie
 115939 | Valkyrie
 118668 | Valkyrie
 116874 | Valkyrie
 115515 | Valkyrie
 118669 | Valkyrie
 120896 | Valkyrie
 112154 | Valkyrie
 115516 | Valkyrie
 116876 | Valkyrie
 112155 | Valkyrie
 115517 | Valkyrie
 116877 | Valkyrie
 119976 | Valkyrie
 112156 | Valkyrie
 117522 | Valkyrie
 115518 | Valkyrie
 120899 | Valkyrie
 121237 | Valkyrie
 112158 | Valkyrie
 119978 | Valkyrie
 115519 | Valkyrie
 118673 | Valkyrie
 117204 | Valkyrie
 120900 | Valkyrie
 112157 | Valkyrie
 117205 | Valkyrie
 115520 | Valkyrie
 116274 | Valkyrie
 118674 | Valkyrie
 112160 | Valkyrie
 115521 | Valkyrie
 116275 | Valkyrie
 118675 | Valkyrie
 117206 | Valkyrie
 112161 | Valkyrie
 117526 | Valkyrie
 115522 | Valkyrie
 117207 | Valkyrie
 119981 | Valkyrie
 112162 | Valkyrie
 116277 | Valkyrie
 120304 | Valkyrie
 112163 | Valkyrie
 116278 | Valkyrie
 119983 | Valkyrie
 120305 | Valkyrie
 116885 | Valkyrie
 115288 | Valkyrie
 119984 | Valkyrie
 117529 | Valkyrie
 116279 | Valkyrie
 115289 | Valkyrie
 115526 | Valkyrie
 116280 | Valkyrie
 115290 | Valkyrie
 115527 | Valkyrie
 116887 | Valkyrie
 115291 | Valkyrie
 116662 | Valkyrie
 119001 | Valkyrie
 115528 | Valkyrie
 119987 | Valkyrie
 120309 | Valkyrie
 115529 | Valkyrie
 116663 | Valkyrie
 115954 | Valkyrie
 118034 | Valkyrie
 119347 | Valkyrie
 116889 | Valkyrie
 119002 | Valkyrie
 119988 | Valkyrie
 115293 | Valkyrie
 115530 | Valkyrie
 117534 | Valkyrie
 116890 | Valkyrie
 119989 | Valkyrie
 117535 | Valkyrie
 115531 | Valkyrie
 120602 | Valkyrie
 118036 | Valkyrie
 117216 | Valkyrie
 119990 | Valkyrie
 117536 | Valkyrie
 118037 | Valkyrie
 116892 | Valkyrie
 119991 | Valkyrie
 117217 | Valkyrie
 120603 | Valkyrie
 109314 | Valkyrie
 118038 | Valkyrie
 121239 | Valkyrie
 117218 | Valkyrie
 117537 | Valkyrie
 121377 | Valkyrie
 118039 | Valkyrie
 119993 | Valkyrie
 117219 | Valkyrie
 121412 | Valkyrie
 117539 | Valkyrie
 115297 | Valkyrie
 118040 | Valkyrie
 119994 | Valkyrie
 115298 | Valkyrie
 117221 | Valkyrie
 115536 | Valkyrie
 115961 | Valkyrie
 116896 | Valkyrie
 120607 | Valkyrie
 117541 | Valkyrie
 115537 | Valkyrie
 115962 | Valkyrie
 118364 | Valkyrie
 117222 | Valkyrie
 115300 | Valkyrie
 117223 | Valkyrie
 115963 | Valkyrie
 117542 | Valkyrie
 119997 | Valkyrie
 116898 | Valkyrie
 119011 | Valkyrie
 118365 | Valkyrie
 115301 | Valkyrie
 117543 | Valkyrie
 115964 | Valkyrie
 120532 | Valkyrie
 116899 | Valkyrie
 119998 | Valkyrie
 120916 | Valkyrie
 115302 | Valkyrie
 118367 | Valkyrie
 120533 | Valkyrie
 117544 | Valkyrie
 119999 | Valkyrie
 120568 | Valkyrie
 119014 | Valkyrie
 121240 | Valkyrie
 121411 | Valkyrie
 120000 | Valkyrie
 118369 | Valkyrie
 119361 | Valkyrie
 118697 | Valkyrie
 117228 | Valkyrie
 117229 | Valkyrie
 115544 | Valkyrie
 118698 | Valkyrie
 119685 | Valkyrie
 112212 | Valkyrie
 115545 | Valkyrie
 119363 | Valkyrie
 116905 | Valkyrie
 117230 | Valkyrie
 112213 | Valkyrie
 115308 | Valkyrie
 115546 | Valkyrie
 115970 | Valkyrie
 119687 | Valkyrie
 119364 | Valkyrie
 121410 | Valkyrie
 121241 | Valkyrie
 112214 | Valkyrie
 115547 | Valkyrie
 120006 | Valkyrie
 119365 | Valkyrie
 112216 | Valkyrie
 120615 | Valkyrie
 117233 | Valkyrie
 119689 | Valkyrie
 121409 | Valkyrie
 112217 | Valkyrie
 115549 | Valkyrie
 115973 | Valkyrie
 117234 | Valkyrie
 119690 | Valkyrie
 117553 | Valkyrie
 118377 | Valkyrie
 115550 | Valkyrie
 115974 | Valkyrie
 119023 | Valkyrie
 120009 | Valkyrie
 118378 | Valkyrie
 115551 | Valkyrie
 115975 | Valkyrie
 116911 | Valkyrie
 117236 | Valkyrie
 119369 | Valkyrie
 115552 | Valkyrie
 119370 | Valkyrie
 115976 | Valkyrie
 117237 | Valkyrie
 119025 | Valkyrie
 118057 | Valkyrie
 117557 | Valkyrie
 116913 | Valkyrie
 115554 | Valkyrie
 117558 | Valkyrie
 120013 | Valkyrie
 121347 | Valkyrie
 116309 | Valkyrie
 116915 | Valkyrie
 117559 | Valkyrie
 121105 | Valkyrie
 121498 | Valkyrie
 121104 | Valkyrie
 116916 | Valkyrie
 116311 | Valkyrie
 116917 | Valkyrie
 117242 | Valkyrie
 117561 | Valkyrie
 118384 | Valkyrie
 120016 | Valkyrie
 121487 | Valkyrie
 121499 | Valkyrie
 118712 | Valkyrie
 116312 | Valkyrie
 116918 | Valkyrie
 118385 | Valkyrie
 121351 | Valkyrie
 118713 | Valkyrie
 116313 | Valkyrie
 116919 | Valkyrie
 117244 | Valkyrie
 121252 | Valkyrie
 116314 | Valkyrie
 116920 | Valkyrie
 117245 | Valkyrie
 118714 | Valkyrie
 117564 | Valkyrie
 119378 | Valkyrie
 120341 | Valkyrie
 118066 | Valkyrie
 116315 | Valkyrie
 107260 | Valkyrie
 117246 | Valkyrie
 117565 | Valkyrie
 118715 | Valkyrie
 121253 | Valkyrie
 120706 | Valkyrie
 117566 | Valkyrie
 118390 | Valkyrie
 115564 | Valkyrie
 120940 | Valkyrie
 120345 | Valkyrie
 116923 | Valkyrie
 118391 | Valkyrie
 121419 | Valkyrie
 116924 | Valkyrie
 115990 | Valkyrie
 118393 | Valkyrie
 120942 | Valkyrie
 118394 | Valkyrie
 120943 | Valkyrie
 121356 | Valkyrie
 117253 | Valkyrie
 120944 | Valkyrie
 121357 | Valkyrie
 115569 | Valkyrie
 120945 | Valkyrie
 121489 | Valkyrie
 121500 | Valkyrie
 108245 | Valkyrie
 118073 | Valkyrie
 120946 | Valkyrie
 120947 | Valkyrie
 121262 | Valkyrie
 121501 | Valkyrie
 115572 | Valkyrie
 102447 | Valkyrie
 115573 | Valkyrie
 101817 | Valkyrie
 117258 | Valkyrie
 120032 | Valkyrie
 119391 | Valkyrie
 121423 | Valkyrie
 116930 | Valkyrie
 117259 | Valkyrie
 119392 | Valkyrie
 112279 | Valkyrie
 117260 | Valkyrie
 117579 | Valkyrie
 112280 | Valkyrie
 117261 | Valkyrie
 112281 | Valkyrie
 116001 | Valkyrie
 116331 | Valkyrie
 117262 | Valkyrie
 112282 | Valkyrie
 116002 | Valkyrie
 116332 | Valkyrie
 117263 | Valkyrie
 117582 | Valkyrie
 116003 | Valkyrie
 116333 | Valkyrie
 117583 | Valkyrie
 119397 | Valkyrie
 118734 | Valkyrie
 116334 | Valkyrie
 116936 | Valkyrie
 117584 | Valkyrie
 121490 | Valkyrie
 112289 | Valkyrie
 118735 | Valkyrie
 117585 | Valkyrie
 112290 | Valkyrie
 116336 | Valkyrie
 116006 | Valkyrie
 119400 | Valkyrie
 118736 | Valkyrie
 112291 | Valkyrie
 118410 | Valkyrie
 116007 | Valkyrie
 119056 | Valkyrie
 119401 | Valkyrie
 120042 | Valkyrie
 112292 | Valkyrie
 116008 | Valkyrie
 119402 | Valkyrie
 116338 | Valkyrie
 115585 | Valkyrie
 116339 | Valkyrie
 120044 | Valkyrie
 119403 | Valkyrie
 120366 | Valkyrie
 115586 | Valkyrie
 116340 | Valkyrie
 120367 | Valkyrie
 120045 | Valkyrie
 115587 | Valkyrie
 118414 | Valkyrie
 116341 | Valkyrie
 120046 | Valkyrie
 120963 | Valkyrie
 120964 | Valkyrie
 118742 | Valkyrie
 120047 | Valkyrie
 120732 | Valkyrie
 120369 | Valkyrie
 118416 | Valkyrie
 118743 | Valkyrie
 116343 | Valkyrie
 120733 | Valkyrie
 120370 | Valkyrie
 120965 | Valkyrie
 118744 | Valkyrie
 120371 | Valkyrie
 119063 | Valkyrie
 117594 | Valkyrie
 118417 | Valkyrie
 120734 | Valkyrie
 120966 | Valkyrie
 121369 | Valkyrie
 112300 | Valkyrie
 115591 | Valkyrie
 118418 | Valkyrie
 117595 | Valkyrie
 120050 | Valkyrie
 119064 | Valkyrie
 120735 | Valkyrie
 112301 | Valkyrie
 116948 | Valkyrie
 116346 | Valkyrie
 117277 | Valkyrie
 119065 | Valkyrie
 120374 | Valkyrie
 116347 | Valkyrie
 117597 | Valkyrie
 119067 | Valkyrie
 117279 | Valkyrie
 120053 | Valkyrie
 118421 | Valkyrie
 120969 | Valkyrie
 118422 | Valkyrie
 116951 | Valkyrie
 117280 | Valkyrie
 120377 | Valkyrie
 111271 | Valkyrie
 117600 | Valkyrie
 120055 | Valkyrie
 115597 | Valkyrie
 120056 | Valkyrie
 116351 | Valkyrie
 117281 | Valkyrie
 121144 | Valkyrie
 112308 | Valkyrie
 120617 | Valkyrie
 116352 | Valkyrie
 119416 | Valkyrie
 120057 | Valkyrie
 121145 | Valkyrie
 112309 | Valkyrie
 119072 | Valkyrie
 121146 | Valkyrie
 112312 | Valkyrie
 118427 | Valkyrie
 115600 | Valkyrie
 119073 | Valkyrie
 118754 | Valkyrie
 117284 | Valkyrie
 121147 | Valkyrie
 112313 | Valkyrie
 115601 | Valkyrie
 119074 | Valkyrie
 116355 | Valkyrie
 118428 | Valkyrie
 112317 | Valkyrie
 115602 | Valkyrie
 118429 | Valkyrie
 119076 | Valkyrie
 121288 | Valkyrie
 121150 | Valkyrie
 121378 | Valkyrie
 115604 | Valkyrie
 116960 | Valkyrie
 118431 | Valkyrie
 115605 | Valkyrie
 121152 | Valkyrie
 115606 | Valkyrie
 115607 | Valkyrie
 121504 | Valkyrie
 121538 | Valkyrie
 116964 | Valkyrie
 116033 | Valkyrie
 120068 | Valkyrie
 115610 | Valkyrie
 116364 | Valkyrie
 120069 | Valkyrie
 118113 | Valkyrie
 110992 | Valkyrie
 110173 | Valkyrie
 109854 | Valkyrie
 115611 | Valkyrie
 110174 | Valkyrie
 116967 | Valkyrie
 119084 | Valkyrie
 115612 | Valkyrie
 112328 | Valkyrie
 116036 | Valkyrie
 116968 | Valkyrie
 119430 | Valkyrie
 120071 | Valkyrie
 112329 | Valkyrie
 110989 | Valkyrie
 119086 | Valkyrie
 115613 | Valkyrie
 116037 | Valkyrie
 120072 | Valkyrie
 117616 | Valkyrie
 117617 | Valkyrie
 115614 | Valkyrie
 116970 | Valkyrie
 119755 | Valkyrie
 119432 | Valkyrie
 119087 | Valkyrie
 121297 | Valkyrie
 116039 | Valkyrie
 116971 | Valkyrie
 119088 | Valkyrie
 119433 | Valkyrie
 119756 | Valkyrie
 120757 | Valkyrie
 116040 | Valkyrie
 118770 | Valkyrie
 116972 | Valkyrie
 119757 | Valkyrie
 119434 | Valkyrie
 112334 | Valkyrie
 118444 | Valkyrie
 118771 | Valkyrie
 120522 | Valkyrie
 121299 | Valkyrie
 112335 | Valkyrie
 116042 | Valkyrie
 118772 | Valkyrie
 120759 | Valkyrie
 119436 | Valkyrie
 121386 | Valkyrie
 112336 | Valkyrie
 121301 | Valkyrie
 117303 | Valkyrie
 120078 | Valkyrie
 119437 | Valkyrie
 112337 | Valkyrie
 117623 | Valkyrie
 115620 | Valkyrie
 119438 | Valkyrie
 119439 | Valkyrie
 115621 | Valkyrie
 116045 | Valkyrie
 118775 | Valkyrie
 117625 | Valkyrie
 116046 | Valkyrie
 116978 | Valkyrie
 117306 | Valkyrie
 118776 | Valkyrie
 116047 | Valkyrie
 118777 | Valkyrie
 115623 | Valkyrie
 117307 | Valkyrie
 121304 | Valkyrie
 118778 | Valkyrie
 116048 | Valkyrie
 117308 | Valkyrie
 116378 | Valkyrie
 119442 | Valkyrie
 112349 | Valkyrie
 110479 | Valkyrie
 110480 | Valkyrie
 119443 | Valkyrie
 116049 | Valkyrie
 116981 | Valkyrie
 116379 | Valkyrie
 118779 | Valkyrie
 120405 | Valkyrie
 116050 | Valkyrie
 118780 | Valkyrie
 121169 | Valkyrie
 116982 | Valkyrie
 121390 | Valkyrie
 116051 | Valkyrie
 116983 | Valkyrie
 118781 | Valkyrie
 116052 | Valkyrie
 118455 | Valkyrie
 121171 | Valkyrie
 121306 | Valkyrie
 121391 | Valkyrie
 121447 | Valkyrie
 115629 | Valkyrie
 116053 | Valkyrie
 118456 | Valkyrie
 120409 | Valkyrie
 121172 | Valkyrie
 112357 | Valkyrie
 119101 | Valkyrie
 120410 | Valkyrie
 121392 | Valkyrie
 112358 | Valkyrie
 120411 | Valkyrie
 116055 | Valkyrie
 116385 | Valkyrie
 117634 | Valkyrie
 121393 | Valkyrie
 112359 | Valkyrie
 120412 | Valkyrie
 117635 | Valkyrie
 121175 | Valkyrie
 112360 | Valkyrie
 116057 | Valkyrie
 117636 | Valkyrie
 121310 | Valkyrie
 121176 | Valkyrie
 121004 | Valkyrie
 116058 | Valkyrie
 116388 | Valkyrie
 117637 | Valkyrie
 121311 | Valkyrie
 112365 | Valkyrie
 116059 | Valkyrie
 120776 | Valkyrie
 116389 | Valkyrie
 117638 | Valkyrie
 121448 | Valkyrie
 121480 | Valkyrie
 112366 | Valkyrie
 116060 | Valkyrie
 118790 | Valkyrie
 116390 | Valkyrie
 119107 | Valkyrie
 117639 | Valkyrie
 121006 | Valkyrie
 121309 | Valkyrie
 112368 | Valkyrie
 121007 | Valkyrie
 116993 | Valkyrie
 118791 | Valkyrie
 121313 | Valkyrie
 116062 | Valkyrie
 121314 | Valkyrie
 116392 | Valkyrie
 121482 | Valkyrie
 116393 | Valkyrie
 121009 | Valkyrie
 118793 | Valkyrie
 121315 | Valkyrie
 121483 | Valkyrie
 116064 | Valkyrie
 116996 | Valkyrie
 116394 | Valkyrie
 118467 | Valkyrie
 110990 | Valkyrie
 110991 | Valkyrie
 110282 | Valkyrie
 112419 | Valkyrie
 112422 | Valkyrie
 112424 | Valkyrie
 121281 | Valkyrie
 121576 | Valkyrie
 112428 | Valkyrie
 121578 | Valkyrie
 121579 | Valkyrie
 121580 | Valkyrie
 121582 | Valkyrie
 121589 | Valkyrie
 121592 | Valkyrie
 112460 | Valkyrie
 121593 | Valkyrie
 112466 | Valkyrie
 112467 | Valkyrie
 121600 | Valkyrie
 121602 | Valkyrie
 121604 | Valkyrie
 121605 | Valkyrie
 121606 | Valkyrie
 121607 | Valkyrie
 121608 | Valkyrie
 121609 | Valkyrie
 121610 | Valkyrie
 121611 | Valkyrie
 121612 | Valkyrie
 121613 | Valkyrie
 120606 | Valkyrie
 121621 | Valkyrie
 121623 | Valkyrie
 112514 | Valkyrie
 121625 | Valkyrie
 112515 | Valkyrie
 121626 | Valkyrie
 112516 | Valkyrie
 121627 | Valkyrie
 121628 | Valkyrie
 112517 | Valkyrie
 121629 | Valkyrie
 112519 | Valkyrie
 112520 | Valkyrie
 121631 | Valkyrie
 112521 | Valkyrie
 121632 | Valkyrie
 112522 | Valkyrie
 112523 | Valkyrie
 121634 | Valkyrie
 112524 | Valkyrie
 112525 | Valkyrie
 121638 | Valkyrie
 112528 | Valkyrie
 121641 | Valkyrie
 121359 | Valkyrie
 121652 | Valkyrie
 112564 | Valkyrie
 112567 | Valkyrie
 112568 | Valkyrie
 108534 | Valkyrie
 110827 | Valkyrie
 110529 | Valkyrie
 112574 | Valkyrie
 108532 | Valkyrie
 112600 | Valkyrie
 112623 | Valkyrie
 112642 | Valkyrie
 112646 | Valkyrie
 112648 | Valkyrie
 112650 | Valkyrie
 121702 | Valkyrie
 121722 | Valkyrie
 112708 | Valkyrie
 121741 | Valkyrie
 121744 | Valkyrie
 112722 | Valkyrie
 112725 | Valkyrie
 112726 | Valkyrie
 112727 | Valkyrie
 112728 | Valkyrie
 121752 | Valkyrie
 112730 | Valkyrie
 112731 | Valkyrie
 112734 | Valkyrie
 112735 | Valkyrie
 112736 | Valkyrie
 112737 | Valkyrie
 112743 | Valkyrie
 112744 | Valkyrie
 112747 | Valkyrie
 112750 | Valkyrie
 112756 | Valkyrie
 112757 | Valkyrie
 121775 | Valkyrie
 112762 | Valkyrie
 112780 | Valkyrie
 112790 | Valkyrie
 112791 | Valkyrie
 112829 | Valkyrie
 121817 | Valkyrie
 112850 | Valkyrie
 112851 | Valkyrie
 112852 | Valkyrie
 112853 | Valkyrie
 112858 | Valkyrie
 112862 | Valkyrie
 121835 | Valkyrie
 121836 | Valkyrie
 112892 | Valkyrie
 112893 | Valkyrie
 112894 | Valkyrie
 121848 | Valkyrie
 112895 | Valkyrie
 121849 | Valkyrie
 112898 | Valkyrie
 121860 | Valkyrie
 112940 | Valkyrie
 108457 | Valkyrie
 108458 | Valkyrie
 108459 | Valkyrie
 108461 | Valkyrie
 108536 | Valkyrie
 108537 | Valkyrie
 110828 | Valkyrie
 112941 | Valkyrie
 112958 | Valkyrie
 121888 | Valkyrie
 112963 | Valkyrie
 121890 | Valkyrie
 112964 | Valkyrie
 112966 | Valkyrie
 121892 | Valkyrie
 112967 | Valkyrie
 121893 | Valkyrie
 112970 | Valkyrie
 121894 | Valkyrie
 121907 | Valkyrie
 113043 | Valkyrie
 121923 | Valkyrie
 113135 | Valkyrie
 113136 | Valkyrie
 113138 | Valkyrie
 113139 | Valkyrie
 113148 | Valkyrie
 113151 | Valkyrie
 113153 | Valkyrie
 113154 | Valkyrie
 113155 | Valkyrie
 113167 | Valkyrie
 113178 | Valkyrie
 113179 | Valkyrie
 113200 | Valkyrie
 113218 | Valkyrie
 113223 | Valkyrie
 113224 | Valkyrie
 113226 | Valkyrie
 113228 | Valkyrie
 113229 | Valkyrie
 113230 | Valkyrie
 113236 | Valkyrie
 113247 | Valkyrie
 113260 | Valkyrie
 113295 | Valkyrie
 113296 | Valkyrie
 113297 | Valkyrie
 113299 | Valkyrie
 113302 | Valkyrie
 113303 | Valkyrie
 113304 | Valkyrie
 113305 | Valkyrie
 113307 | Valkyrie
 113324 | Valkyrie
 113332 | Valkyrie
 113337 | Valkyrie
 113338 | Valkyrie
 113339 | Valkyrie
 113340 | Valkyrie
 113375 | Valkyrie
 113376 | Valkyrie
 113377 | Valkyrie
 113378 | Valkyrie
 113386 | Valkyrie
 113437 | Valkyrie
 113448 | Valkyrie
 113449 | Valkyrie
 113450 | Valkyrie
 113457 | Valkyrie
 113458 | Valkyrie
 113459 | Valkyrie
 113460 | Valkyrie
 113461 | Valkyrie
 113462 | Valkyrie
 113463 | Valkyrie
 113464 | Valkyrie
 113465 | Valkyrie
 113466 | Valkyrie
 113467 | Valkyrie
 113468 | Valkyrie
 113469 | Valkyrie
 113470 | Valkyrie
 113471 | Valkyrie
 113472 | Valkyrie
 113474 | Valkyrie
 113476 | Valkyrie
 113477 | Valkyrie
 113480 | Valkyrie
 113482 | Valkyrie
 113484 | Valkyrie
 113485 | Valkyrie
 113487 | Valkyrie
 113523 | Valkyrie
 113550 | Valkyrie
 113551 | Valkyrie
 113552 | Valkyrie
 113553 | Valkyrie
 113558 | Valkyrie
 113561 | Valkyrie
 113563 | Valkyrie
 113571 | Valkyrie
 113594 | Valkyrie
 113596 | Valkyrie
 113597 | Valkyrie
 113598 | Valkyrie
 113599 | Valkyrie
 113602 | Valkyrie
 113603 | Valkyrie
 113604 | Valkyrie
 113605 | Valkyrie
 113608 | Valkyrie
 113612 | Valkyrie
 113614 | Valkyrie
 113615 | Valkyrie
 113616 | Valkyrie
 113617 | Valkyrie
 113618 | Valkyrie
 113620 | Valkyrie
 113644 | Valkyrie
 113691 | Valkyrie
 113692 | Valkyrie
 113697 | Valkyrie
 113696 | Valkyrie
 113698 | Valkyrie
 113744 | Valkyrie
 113750 | Valkyrie
 113752 | Valkyrie
 113753 | Valkyrie
 113754 | Valkyrie
 113755 | Valkyrie
 113756 | Valkyrie
 113757 | Valkyrie
 113758 | Valkyrie
 113759 | Valkyrie
 113761 | Valkyrie
 113762 | Valkyrie
 113766 | Valkyrie
 113768 | Valkyrie
 113769 | Valkyrie
 113770 | Valkyrie
 113771 | Valkyrie
 113773 | Valkyrie
 113813 | Valkyrie
 113814 | Valkyrie
 113815 | Valkyrie
 113816 | Valkyrie
 101123 | Valkyrie
 113824 | Valkyrie
 113830 | Valkyrie
 113871 | Valkyrie
 113875 | Valkyrie
 113884 | Valkyrie
 110536 | Valkyrie
 113916 | Valkyrie
 113917 | Valkyrie
 113921 | Valkyrie
 113922 | Valkyrie
 113932 | Valkyrie
 113959 | Valkyrie
 113960 | Valkyrie
 113965 | Valkyrie
 113966 | Valkyrie
 113971 | Valkyrie
 113976 | Valkyrie
 113977 | Valkyrie
 113987 | Valkyrie
 114004 | Valkyrie
 114005 | Valkyrie
 114006 | Valkyrie
 114007 | Valkyrie
 114011 | Valkyrie
 114012 | Valkyrie
 114015 | Valkyrie
 114016 | Valkyrie
 114026 | Valkyrie
 114028 | Valkyrie
 114030 | Valkyrie
 114031 | Valkyrie
 114032 | Valkyrie
 114046 | Valkyrie
 114063 | Valkyrie
 114129 | Valkyrie
 114131 | Valkyrie
 114132 | Valkyrie
 114137 | Valkyrie
 114166 | Valkyrie
 114167 | Valkyrie
 114168 | Valkyrie
 114169 | Valkyrie
 114182 | Valkyrie
 114190 | Valkyrie
 114191 | Valkyrie
 114192 | Valkyrie
 114193 | Valkyrie
 114195 | Valkyrie
 114197 | Valkyrie
 114198 | Valkyrie
 114220 | Valkyrie
 114242 | Valkyrie
 107217 | Valkyrie
 107218 | Valkyrie
 107219 | Valkyrie
 114255 | Valkyrie
 114256 | Valkyrie
 114257 | Valkyrie
 114261 | Valkyrie
 114297 | Valkyrie
 114301 | Valkyrie
 114302 | Valkyrie
 114303 | Valkyrie
 114304 | Valkyrie
 114330 | Valkyrie
 114351 | Valkyrie
 114352 | Valkyrie
 114354 | Valkyrie
 114355 | Valkyrie
 114356 | Valkyrie
 114357 | Valkyrie
 114365 | Valkyrie
 114366 | Valkyrie
 114411 | Valkyrie
 114412 | Valkyrie
 114450 | Valkyrie
 114451 | Valkyrie
 114453 | Valkyrie
 114454 | Valkyrie
 114456 | Valkyrie
 114465 | Valkyrie
 114466 | Valkyrie
 114467 | Valkyrie
 114468 | Valkyrie
 114492 | Valkyrie
 114493 | Valkyrie
 114494 | Valkyrie
 114495 | Valkyrie
 114496 | Valkyrie
 114522 | Valkyrie
 114532 | Valkyrie
 114533 | Valkyrie
 114545 | Valkyrie
 114546 | Valkyrie
 114568 | Valkyrie
 114600 | Valkyrie
 114601 | Valkyrie
 114603 | Valkyrie
 114604 | Valkyrie
 114607 | Valkyrie
 114610 | Valkyrie
 114611 | Valkyrie
 114614 | Valkyrie
 114615 | Valkyrie
 114619 | Valkyrie
 114631 | Valkyrie
 114632 | Valkyrie
 114633 | Valkyrie
 114634 | Valkyrie
 114640 | Valkyrie
 114646 | Valkyrie
 114647 | Valkyrie
 114648 | Valkyrie
 114649 | Valkyrie
 114650 | Valkyrie
 114651 | Valkyrie
 114652 | Valkyrie
 114653 | Valkyrie
 114654 | Valkyrie
 114655 | Valkyrie
 114656 | Valkyrie
 114657 | Valkyrie
 114660 | Valkyrie
 114661 | Valkyrie
 114662 | Valkyrie
 114663 | Valkyrie
 114664 | Valkyrie
 114670 | Valkyrie
 114671 | Valkyrie
 114672 | Valkyrie
 114673 | Valkyrie
 114674 | Valkyrie
 114677 | Valkyrie
 114695 | Valkyrie
 114696 | Valkyrie
 114697 | Valkyrie
 114700 | Valkyrie
 114701 | Valkyrie
 114702 | Valkyrie
 114703 | Valkyrie
 114704 | Valkyrie
 114705 | Valkyrie
 114711 | Valkyrie
 114718 | Valkyrie
 101749 | Valkyrie
 101705 | Valkyrie
 101616 | Valkyrie
 101527 | Valkyrie
 101470 | Valkyrie
 101209 | Valkyrie
 101144 | Valkyrie
 100920 | Valkyrie
 100731 | Valkyrie
 100643 | Valkyrie
 100581 | Valkyrie
 114732 | Valkyrie
 100522 | Valkyrie
 100149 | Valkyrie
  99885 | Valkyrie
 115644 | Valkyrie
 114739 | Valkyrie
 114740 | Valkyrie
 114741 | Valkyrie
 114742 | Valkyrie
  99634 | Valkyrie
 113177 | Valkyrie
 114746 | Valkyrie
 114755 | Valkyrie
 114765 | Valkyrie
 116997 | Valkyrie
 114795 | Valkyrie
 115656 | Valkyrie
 114820 | Valkyrie
 114821 | Valkyrie
 114822 | Valkyrie
 114823 | Valkyrie
 116397 | Valkyrie
 116398 | Valkyrie
 116399 | Valkyrie
 116400 | Valkyrie
 115659 | Valkyrie
 121484 | Valkyrie
 114829 | Valkyrie
 114828 | Valkyrie
 115660 | Valkyrie
 114837 | Valkyrie
 115661 | Valkyrie
 114847 | Valkyrie
 115665 | Valkyrie
 116998 | Valkyrie
 115666 | Valkyrie
 115667 | Valkyrie
 116408 | Valkyrie
 115669 | Valkyrie
 114861 | Valkyrie
 116409 | Valkyrie
 116410 | Valkyrie
 114911 | Valkyrie
 114772 | Valkyrie
 114915 | Valkyrie
 114916 | Valkyrie
 114917 | Valkyrie
 114925 | Valkyrie
 114926 | Valkyrie
 114930 | Valkyrie
 114937 | Valkyrie
 114938 | Valkyrie
 115677 | Valkyrie
 114869 | Valkyrie
 114944 | Valkyrie
 114950 | Valkyrie
 114974 | Valkyrie
 114992 | Valkyrie
 114994 | Valkyrie
 115713 | Valkyrie
 114995 | Valkyrie
 115714 | Valkyrie
 114998 | Valkyrie
 115715 | Valkyrie
 115716 | Valkyrie
 115000 | Valkyrie
 115003 | Valkyrie
 115005 | Valkyrie
 115012 | Valkyrie
 115013 | Valkyrie
 116999 | Valkyrie
 115014 | Valkyrie
 115015 | Valkyrie
 112118 | Valkyrie
 112133 | Valkyrie
 113486 | Valkyrie
 115028 | Valkyrie
 115029 | Valkyrie
 115030 | Valkyrie
 115031 | Valkyrie
 115032 | Valkyrie
 115033 | Valkyrie
 115735 | Valkyrie
 115034 | Valkyrie
 115035 | Valkyrie
 115039 | Valkyrie
 115041 | Valkyrie
 115043 | Valkyrie
 111935 | Valkyrie
 115044 | Valkyrie
 116071 | Valkyrie
  98923 | Valkyrie
  98920 | Valkyrie
  98976 | Valkyrie
  98982 | Valkyrie
  99745 | Valkyrie
 100351 | Valkyrie
 100525 | Valkyrie
 100598 | Valkyrie
 100862 | Valkyrie
 100947 | Valkyrie
 101046 | Valkyrie
 101155 | Valkyrie
 101143 | Valkyrie
 101134 | Valkyrie
 101145 | Valkyrie
 101206 | Valkyrie
 101202 | Valkyrie
 101252 | Valkyrie
 101276 | Valkyrie
 101371 | Valkyrie
 101410 | Valkyrie
 101528 | Valkyrie
 101624 | Valkyrie
 101652 | Valkyrie
 101641 | Valkyrie
 101669 | Valkyrie
 101742 | Valkyrie
 101772 | Valkyrie
 101801 | Valkyrie
 101813 | Valkyrie
 101849 | Valkyrie
 101915 | Valkyrie
 101968 | Valkyrie
 102159 | Valkyrie
 102245 | Valkyrie
 102460 | Valkyrie
 102677 | Valkyrie
 102678 | Valkyrie
 102682 | Valkyrie
 102728 | Valkyrie
 102751 | Valkyrie
 102860 | Valkyrie
 102975 | Valkyrie
 102973 | Valkyrie
 102970 | Valkyrie
 115054 | Valkyrie
 102977 | Valkyrie
 103089 | Valkyrie
 103087 | Valkyrie
 103078 | Valkyrie
 103288 | Valkyrie
 103279 | Valkyrie
 103277 | Valkyrie
 101919 | Valkyrie
 103326 | Valkyrie
 103328 | Valkyrie
 103330 | Valkyrie
 103576 | Valkyrie
 103618 | Valkyrie
 103634 | Valkyrie
 103639 | Valkyrie
 103636 | Valkyrie
 103714 | Valkyrie
 103775 | Valkyrie
 103810 | Valkyrie
 103805 | Valkyrie
 103841 | Valkyrie
 103878 | Valkyrie
 103905 | Valkyrie
 103903 | Valkyrie
 103907 | Valkyrie
 103926 | Valkyrie
 103955 | Valkyrie
 103953 | Valkyrie
 103957 | Valkyrie
 104028 | Valkyrie
 104022 | Valkyrie
 104024 | Valkyrie
 104409 | Valkyrie
 104414 | Valkyrie
 104537 | Valkyrie
 104827 | Valkyrie
 104942 | Valkyrie
 104945 | Valkyrie
 104946 | Valkyrie
 104940 | Valkyrie
 104957 | Valkyrie
 105134 | Valkyrie
 105327 | Valkyrie
 105324 | Valkyrie
 105477 | Valkyrie
 105480 | Valkyrie
 105511 | Valkyrie
 105513 | Valkyrie
 105541 | Valkyrie
 105552 | Valkyrie
 105613 | Valkyrie
 105611 | Valkyrie
 105609 | Valkyrie
 105608 | Valkyrie
 105671 | Valkyrie
 105804 | Valkyrie
 105815 | Valkyrie
 105902 | Valkyrie
 105923 | Valkyrie
 106052 | Valkyrie
 106055 | Valkyrie
 106090 | Valkyrie
 106176 | Valkyrie
 106174 | Valkyrie
 106380 | Valkyrie
 106378 | Valkyrie
 106534 | Valkyrie
 106524 | Valkyrie
 106522 | Valkyrie
 106519 | Valkyrie
 111678 | Valkyrie
 106546 | Valkyrie
 106544 | Valkyrie
 106670 | Valkyrie
 106668 | Valkyrie
 106664 | Valkyrie
 106793 | Valkyrie
 106808 | Valkyrie
 106805 | Valkyrie
 106828 | Valkyrie
 106838 | Valkyrie
 106970 | Valkyrie
 106967 | Valkyrie
 106955 | Valkyrie
 106977 | Valkyrie
 115055 | Valkyrie
 107046 | Valkyrie
 107057 | Valkyrie
 107139 | Valkyrie
 107143 | Valkyrie
 107155 | Valkyrie
 107153 | Valkyrie
 107202 | Valkyrie
 107200 | Valkyrie
 115056 | Valkyrie
 107283 | Valkyrie
 107332 | Valkyrie
 107368 | Valkyrie
 107366 | Valkyrie
 107364 | Valkyrie
 107479 | Valkyrie
 107543 | Valkyrie
 107545 | Valkyrie
 107558 | Valkyrie
 107556 | Valkyrie
 107633 | Valkyrie
 107667 | Valkyrie
 107651 | Valkyrie
 107669 | Valkyrie
 107649 | Valkyrie
 107693 | Valkyrie
 115057 | Valkyrie
 107843 | Valkyrie
 107877 | Valkyrie
 107874 | Valkyrie
 107862 | Valkyrie
 107851 | Valkyrie
 107965 | Valkyrie
 107963 | Valkyrie
 107956 | Valkyrie
 107952 | Valkyrie
 107949 | Valkyrie
 108004 | Valkyrie
 108001 | Valkyrie
 108005 | Valkyrie
 108007 | Valkyrie
 108006 | Valkyrie
 108002 | Valkyrie
 107974 | Valkyrie
 107964 | Valkyrie
 107957 | Valkyrie
 107955 | Valkyrie
 107953 | Valkyrie
 107951 | Valkyrie
 107950 | Valkyrie
 107962 | Valkyrie
 107876 | Valkyrie
 107875 | Valkyrie
 107844 | Valkyrie
 107842 | Valkyrie
 107830 | Valkyrie
 107852 | Valkyrie
 107797 | Valkyrie
 107696 | Valkyrie
 107694 | Valkyrie
 107699 | Valkyrie
 107670 | Valkyrie
 107634 | Valkyrie
 107631 | Valkyrie
 107557 | Valkyrie
 107544 | Valkyrie
 107487 | Valkyrie
 107485 | Valkyrie
 107478 | Valkyrie
 107382 | Valkyrie
 107380 | Valkyrie
 107431 | Valkyrie
 107371 | Valkyrie
 107369 | Valkyrie
 107367 | Valkyrie
 107365 | Valkyrie
 107336 | Valkyrie
 107334 | Valkyrie
 107333 | Valkyrie
 107329 | Valkyrie
 107282 | Valkyrie
 107281 | Valkyrie
 107244 | Valkyrie
 116413 | Valkyrie
 117000 | Valkyrie
 107262 | Valkyrie
 107255 | Valkyrie
 107240 | Valkyrie
 107203 | Valkyrie
 107241 | Valkyrie
 107201 | Valkyrie
 107180 | Valkyrie
 107162 | Valkyrie
 107154 | Valkyrie
 107140 | Valkyrie
 107152 | Valkyrie
 107138 | Valkyrie
 107047 | Valkyrie
 107058 | Valkyrie
 107056 | Valkyrie
 106976 | Valkyrie
 106971 | Valkyrie
 106969 | Valkyrie
 106968 | Valkyrie
 106960 | Valkyrie
 106910 | Valkyrie
 106901 | Valkyrie
 106852 | Valkyrie
 106831 | Valkyrie
 106829 | Valkyrie
 106826 | Valkyrie
 106804 | Valkyrie
 106801 | Valkyrie
 106775 | Valkyrie
 106773 | Valkyrie
 106772 | Valkyrie
 106752 | Valkyrie
 106814 | Valkyrie
 106671 | Valkyrie
 106669 | Valkyrie
 106667 | Valkyrie
 106665 | Valkyrie
 106547 | Valkyrie
 106545 | Valkyrie
 106538 | Valkyrie
 106525 | Valkyrie
 106523 | Valkyrie
 106521 | Valkyrie
 106520 | Valkyrie
 106518 | Valkyrie
 106504 | Valkyrie
 106472 | Valkyrie
 106387 | Valkyrie
 106379 | Valkyrie
 106377 | Valkyrie
 106430 | Valkyrie
 106177 | Valkyrie
 106175 | Valkyrie
 106147 | Valkyrie
 106091 | Valkyrie
 106058 | Valkyrie
 106056 | Valkyrie
 105956 | Valkyrie
 105922 | Valkyrie
 105920 | Valkyrie
 105909 | Valkyrie
 105907 | Valkyrie
 105905 | Valkyrie
 105816 | Valkyrie
 105807 | Valkyrie
 105805 | Valkyrie
 105672 | Valkyrie
 105614 | Valkyrie
 105610 | Valkyrie
 105543 | Valkyrie
 105528 | Valkyrie
 105476 | Valkyrie
 105455 | Valkyrie
 105452 | Valkyrie
 105323 | Valkyrie
 105325 | Valkyrie
 105321 | Valkyrie
 105133 | Valkyrie
 105096 | Valkyrie
 104954 | Valkyrie
 104950 | Valkyrie
 104732 | Valkyrie
 104589 | Valkyrie
 104465 | Valkyrie
 104412 | Valkyrie
 104410 | Valkyrie
 104351 | Valkyrie
 104349 | Valkyrie
 104348 | Valkyrie
 104415 | Valkyrie
 104062 | Valkyrie
 104061 | Valkyrie
 104025 | Valkyrie
 104027 | Valkyrie
 103981 | Valkyrie
 103960 | Valkyrie
 103958 | Valkyrie
 103956 | Valkyrie
 103954 | Valkyrie
 103908 | Valkyrie
 103906 | Valkyrie
 103904 | Valkyrie
 103850 | Valkyrie
 103809 | Valkyrie
 103808 | Valkyrie
 103804 | Valkyrie
 103638 | Valkyrie
 103637 | Valkyrie
 103635 | Valkyrie
 116072 | Valkyrie
 103329 | Valkyrie
 103331 | Valkyrie
 103281 | Valkyrie
 103278 | Valkyrie
 103333 | Valkyrie
 103092 | Valkyrie
 103079 | Valkyrie
 103088 | Valkyrie
 102982 | Valkyrie
 102974 | Valkyrie
 102972 | Valkyrie
 102976 | Valkyrie
 102752 | Valkyrie
 102861 | Valkyrie
 102725 | Valkyrie
 102719 | Valkyrie
 102305 | Valkyrie
 102446 | Valkyrie
 102317 | Valkyrie
 102310 | Valkyrie
 102116 | Valkyrie
 102093 | Valkyrie
 101994 | Valkyrie
 101992 | Valkyrie
 101990 | Valkyrie
 101974 | Valkyrie
 101967 | Valkyrie
 102006 | Valkyrie
 101966 | Valkyrie
 101805 | Valkyrie
 101771 | Valkyrie
 101747 | Valkyrie
 101743 | Valkyrie
 101623 | Valkyrie
 101510 | Valkyrie
 101427 | Valkyrie
 101426 | Valkyrie
 101425 | Valkyrie
 101387 | Valkyrie
 101374 | Valkyrie
 101354 | Valkyrie
 101215 | Valkyrie
 101205 | Valkyrie
 101146 | Valkyrie
 115060 | Valkyrie
 101142 | Valkyrie
 101135 | Valkyrie
 101131 | Valkyrie
 101111 | Valkyrie
 100973 | Valkyrie
 100863 | Valkyrie
 100807 | Valkyrie
 100803 | Valkyrie
 100772 | Valkyrie
 100642 | Valkyrie
 100599 | Valkyrie
 100521 | Valkyrie
 100516 | Valkyrie
 100185 | Valkyrie
 100120 | Valkyrie
  99957 | Valkyrie
  99780 | Valkyrie
  99746 | Valkyrie
  99635 | Valkyrie
  99521 | Valkyrie
  99291 | Valkyrie
  98754 | Valkyrie
 109069 | Valkyrie
 109934 | Valkyrie
 110787 | Valkyrie
 110501 | Valkyrie
 110208 | Valkyrie
 109935 | Valkyrie
 109573 | Valkyrie
 109937 | Valkyrie
 109938 | Valkyrie
 109939 | Valkyrie
 109940 | Valkyrie
 109091 | Valkyrie
 109092 | Valkyrie
 109942 | Valkyrie
 109943 | Valkyrie
 109946 | Valkyrie
 108046 | Valkyrie
 108048 | Valkyrie
 108049 | Valkyrie
 109588 | Valkyrie
 109589 | Valkyrie
 109590 | Valkyrie
 109104 | Valkyrie
 106666 | Valkyrie
 109591 | Valkyrie
 109105 | Valkyrie
 108003 | Valkyrie
 107975 | Valkyrie
 107954 | Valkyrie
 111120 | Valkyrie
 109106 | Valkyrie
 110788 | Valkyrie
 109108 | Valkyrie
 110516 | Valkyrie
 110494 | Valkyrie
 110207 | Valkyrie
 110206 | Valkyrie
 110205 | Valkyrie
 109111 | Valkyrie
 109112 | Valkyrie
 111721 | Valkyrie
 111722 | Valkyrie
 110236 | Valkyrie
 109932 | Valkyrie
 109921 | Valkyrie
 109920 | Valkyrie
 109919 | Valkyrie
 109918 | Valkyrie
 115064 | Valkyrie
 110239 | Valkyrie
 110530 | Valkyrie
 110531 | Valkyrie
 110532 | Valkyrie
 110533 | Valkyrie
 115739 | Valkyrie
 109119 | Valkyrie
 109971 | Valkyrie
 115738 | Valkyrie
 109528 | Valkyrie
 109527 | Valkyrie
 109610 | Valkyrie
 108147 | Valkyrie
 109611 | Valkyrie
 109612 | Valkyrie
 109474 | Valkyrie
 109472 | Valkyrie
 109473 | Valkyrie
 109469 | Valkyrie
 109125 | Valkyrie
 109613 | Valkyrie
 110251 | Valkyrie
 109453 | Valkyrie
 109126 | Valkyrie
 109614 | Valkyrie
 110252 | Valkyrie
 109127 | Valkyrie
 109615 | Valkyrie
 110253 | Valkyrie
 109432 | Valkyrie
 109431 | Valkyrie
 109128 | Valkyrie
 110254 | Valkyrie
 109429 | Valkyrie
 109428 | Valkyrie
 109616 | Valkyrie
 109430 | Valkyrie
 109617 | Valkyrie
 109981 | Valkyrie
 109424 | Valkyrie
 109420 | Valkyrie
 109419 | Valkyrie
 109417 | Valkyrie
 109410 | Valkyrie
 109131 | Valkyrie
 109132 | Valkyrie
 108165 | Valkyrie
 109407 | Valkyrie
 108166 | Valkyrie
 108167 | Valkyrie
 108170 | Valkyrie
 115066 | Valkyrie
 109384 | Valkyrie
 109385 | Valkyrie
 109380 | Valkyrie
 109366 | Valkyrie
 109363 | Valkyrie
 110554 | Valkyrie
 109365 | Valkyrie
 109364 | Valkyrie
 110555 | Valkyrie
 109071 | Valkyrie
 109070 | Valkyrie
 110556 | Valkyrie
 101245 | Valkyrie
 109627 | Valkyrie
 110557 | Valkyrie
 109064 | Valkyrie
 109063 | Valkyrie
 109062 | Valkyrie
 109060 | Valkyrie
 109058 | Valkyrie
 108179 | Valkyrie
 101225 | Valkyrie
 109993 | Valkyrie
 109628 | Valkyrie
 109056 | Valkyrie
 109629 | Valkyrie
 109143 | Valkyrie
 109051 | Valkyrie
 109047 | Valkyrie
 109630 | Valkyrie
 109144 | Valkyrie
 108181 | Valkyrie
 109631 | Valkyrie
 109145 | Valkyrie
 109019 | Valkyrie
 109018 | Valkyrie
 109017 | Valkyrie
 109016 | Valkyrie
 109015 | Valkyrie
 109146 | Valkyrie
 109014 | Valkyrie
 109013 | Valkyrie
 109011 | Valkyrie
 108186 | Valkyrie
 110563 | Valkyrie
 108187 | Valkyrie
 109147 | Valkyrie
 109634 | Valkyrie
 109148 | Valkyrie
 110564 | Valkyrie
 109635 | Valkyrie
 109149 | Valkyrie
 109636 | Valkyrie
 109150 | Valkyrie
 108980 | Valkyrie
 108981 | Valkyrie
 108972 | Valkyrie
 108971 | Valkyrie
 108970 | Valkyrie
 108957 | Valkyrie
 108956 | Valkyrie
 108955 | Valkyrie
 110859 | Valkyrie
 108228 | Valkyrie
 108927 | Valkyrie
 111174 | Valkyrie
 110861 | Valkyrie
 108913 | Valkyrie
 108912 | Valkyrie
 108911 | Valkyrie
 108909 | Valkyrie
 108908 | Valkyrie
 110575 | Valkyrie
 108907 | Valkyrie
 108904 | Valkyrie
 108894 | Valkyrie
 108892 | Valkyrie
 108891 | Valkyrie
 108890 | Valkyrie
 108887 | Valkyrie
 110578 | Valkyrie
 110287 | Valkyrie
 110579 | Valkyrie
 110288 | Valkyrie
 110289 | Valkyrie
 108241 | Valkyrie
 110580 | Valkyrie
 108864 | Valkyrie
 108861 | Valkyrie
 108859 | Valkyrie
 108858 | Valkyrie
 108857 | Valkyrie
 108856 | Valkyrie
 108242 | Valkyrie
 108855 | Valkyrie
 108854 | Valkyrie
 108853 | Valkyrie
 108851 | Valkyrie
 108850 | Valkyrie
 108849 | Valkyrie
 108243 | Valkyrie
 109160 | Valkyrie
 108244 | Valkyrie
 108844 | Valkyrie
 110585 | Valkyrie
 109164 | Valkyrie
 109657 | Valkyrie
 108808 | Valkyrie
 108807 | Valkyrie
 108806 | Valkyrie
 108805 | Valkyrie
 108804 | Valkyrie
 109165 | Valkyrie
 108776 | Valkyrie
 107224 | Valkyrie
 107031 | Valkyrie
 110877 | Valkyrie
 108768 | Valkyrie
 110299 | Valkyrie
 110300 | Valkyrie
 110591 | Valkyrie
 108760 | Valkyrie
 108758 | Valkyrie
 108257 | Valkyrie
 110301 | Valkyrie
 110592 | Valkyrie
 108754 | Valkyrie
 110593 | Valkyrie
 110302 | Valkyrie
 110026 | Valkyrie
 108259 | Valkyrie
 110027 | Valkyrie
 109664 | Valkyrie
 110303 | Valkyrie
 110028 | Valkyrie
 109665 | Valkyrie
 109666 | Valkyrie
 110029 | Valkyrie
 108721 | Valkyrie
 108720 | Valkyrie
 108719 | Valkyrie
 108718 | Valkyrie
 108716 | Valkyrie
 108715 | Valkyrie
 109668 | Valkyrie
 110598 | Valkyrie
 110599 | Valkyrie
 108685 | Valkyrie
 108683 | Valkyrie
 108679 | Valkyrie
 108678 | Valkyrie
 108659 | Valkyrie
 108658 | Valkyrie
 109672 | Valkyrie
 110602 | Valkyrie
 108656 | Valkyrie
 108649 | Valkyrie
 108648 | Valkyrie
 108645 | Valkyrie
 108644 | Valkyrie
 110036 | Valkyrie
 108643 | Valkyrie
 109673 | Valkyrie
 108641 | Valkyrie
 108640 | Valkyrie
 109674 | Valkyrie
 108638 | Valkyrie
 108637 | Valkyrie
 108639 | Valkyrie
 109675 | Valkyrie
 108629 | Valkyrie
 108628 | Valkyrie
 110038 | Valkyrie
 108627 | Valkyrie
 108626 | Valkyrie
 108624 | Valkyrie
 110039 | Valkyrie
 108613 | Valkyrie
 110316 | Valkyrie
 109678 | Valkyrie
 109679 | Valkyrie
 110318 | Valkyrie
 109680 | Valkyrie
 109681 | Valkyrie
 107966 | Valkyrie
 110898 | Valkyrie
 107806 | Valkyrie
 107727 | Valkyrie
 107714 | Valkyrie
 110899 | Valkyrie
 107695 | Valkyrie
 107659 | Valkyrie
 107486 | Valkyrie
 107484 | Valkyrie
 110323 | Valkyrie
 107338 | Valkyrie
 110324 | Valkyrie
 107285 | Valkyrie
 107242 | Valkyrie
 108309 | Valkyrie
 110903 | Valkyrie
 107182 | Valkyrie
 108310 | Valkyrie
 111218 | Valkyrie
 110904 | Valkyrie
 107059 | Valkyrie
 108311 | Valkyrie
 106978 | Valkyrie
 106975 | Valkyrie
 110905 | Valkyrie
 110327 | Valkyrie
 107012 | Valkyrie
 106909 | Valkyrie
 106851 | Valkyrie
 106830 | Valkyrie
 106809 | Valkyrie
 106537 | Valkyrie
 111221 | Valkyrie
 106438 | Valkyrie
 108314 | Valkyrie
 111222 | Valkyrie
 105908 | Valkyrie
 111223 | Valkyrie
 105545 | Valkyrie
 105512 | Valkyrie
 108318 | Valkyrie
 110623 | Valkyrie
 108321 | Valkyrie
 110334 | Valkyrie
 104556 | Valkyrie
 104417 | Valkyrie
 104411 | Valkyrie
 108325 | Valkyrie
 104030 | Valkyrie
 104029 | Valkyrie
 108330 | Valkyrie
 103959 | Valkyrie
 104023 | Valkyrie
 103909 | Valkyrie
 103811 | Valkyrie
 108336 | Valkyrie
 103640 | Valkyrie
 103467 | Valkyrie
 103466 | Valkyrie
 108338 | Valkyrie
 103465 | Valkyrie
 108339 | Valkyrie
 103334 | Valkyrie
 108340 | Valkyrie
 103332 | Valkyrie
 110342 | Valkyrie
 110343 | Valkyrie
 110633 | Valkyrie
 109212 | Valkyrie
 108342 | Valkyrie
 115067 | Valkyrie
 110344 | Valkyrie
 108343 | Valkyrie
 110635 | Valkyrie
 109213 | Valkyrie
 108344 | Valkyrie
 110636 | Valkyrie
 109214 | Valkyrie
 110347 | Valkyrie
 110071 | Valkyrie
 103226 | Valkyrie
 103161 | Valkyrie
 109215 | Valkyrie
 103093 | Valkyrie
 103091 | Valkyrie
 103090 | Valkyrie
 110350 | Valkyrie
 102981 | Valkyrie
 102980 | Valkyrie
 102979 | Valkyrie
 102978 | Valkyrie
 110076 | Valkyrie
 111245 | Valkyrie
 110353 | Valkyrie
 102864 | Valkyrie
 111246 | Valkyrie
 109025 | Valkyrie
 102753 | Valkyrie
 102734 | Valkyrie
 102732 | Valkyrie
 102683 | Valkyrie
 102647 | Valkyrie
 110646 | Valkyrie
 102550 | Valkyrie
 111250 | Valkyrie
 110648 | Valkyrie
 110649 | Valkyrie
 111252 | Valkyrie
 111253 | Valkyrie
 110650 | Valkyrie
 110085 | Valkyrie
 110651 | Valkyrie
 110362 | Valkyrie
 110652 | Valkyrie
 108373 | Valkyrie
 108374 | Valkyrie
 102180 | Valkyrie
 110655 | Valkyrie
 110366 | Valkyrie
 108860 | Valkyrie
 106243 | Valkyrie
 110656 | Valkyrie
 110367 | Valkyrie
 102092 | Valkyrie
 110368 | Valkyrie
 107841 | Valkyrie
 107805 | Valkyrie
 107803 | Valkyrie
 107668 | Valkyrie
 102029 | Valkyrie
 108387 | Valkyrie
 108388 | Valkyrie
 102013 | Valkyrie
 102012 | Valkyrie
 101993 | Valkyrie
 101914 | Valkyrie
 101917 | Valkyrie
 101860 | Valkyrie
 101750 | Valkyrie
 101745 | Valkyrie
 110664 | Valkyrie
 110665 | Valkyrie
 101666 | Valkyrie
 111268 | Valkyrie
 110096 | Valkyrie
 101647 | Valkyrie
 111269 | Valkyrie
 110097 | Valkyrie
 111270 | Valkyrie
 108409 | Valkyrie
 101535 | Valkyrie
 101424 | Valkyrie
 101412 | Valkyrie
 101393 | Valkyrie
 111272 | Valkyrie
 110101 | Valkyrie
 111273 | Valkyrie
 101290 | Valkyrie
 111274 | Valkyrie
 101289 | Valkyrie
 101264 | Valkyrie
 110385 | Valkyrie
 111277 | Valkyrie
 101149 | Valkyrie
 101147 | Valkyrie
 110675 | Valkyrie
 100974 | Valkyrie
 108420 | Valkyrie
 100952 | Valkyrie
 100892 | Valkyrie
 110390 | Valkyrie
 109752 | Valkyrie
 109754 | Valkyrie
 110113 | Valkyrie
 109755 | Valkyrie
 108427 | Valkyrie
 110393 | Valkyrie
 109756 | Valkyrie
 100575 | Valkyrie
 100562 | Valkyrie
 111289 | Valkyrie
 111290 | Valkyrie
 111291 | Valkyrie
 111292 | Valkyrie
 111294 | Valkyrie
 109764 | Valkyrie
 115737 | Valkyrie
 110405 | Valkyrie
 110406 | Valkyrie
 100119 | Valkyrie
 108460 | Valkyrie
 110407 | Valkyrie
 109266 | Valkyrie
 100085 | Valkyrie
 109267 | Valkyrie
 109268 | Valkyrie
 110410 | Valkyrie
 109269 | Valkyrie
 110700 | Valkyrie
 109270 | Valkyrie
 109271 | Valkyrie
 108468 | Valkyrie
 109272 | Valkyrie
 110704 | Valkyrie
 109273 | Valkyrie
  99771 | Valkyrie
 110135 | Valkyrie
 109274 | Valkyrie
 109275 | Valkyrie
  99679 | Valkyrie
 110417 | Valkyrie
 109276 | Valkyrie
  99637 | Valkyrie
 109277 | Valkyrie
 108483 | Valkyrie
 108484 | Valkyrie
  99636 | Valkyrie
 108485 | Valkyrie
 108486 | Valkyrie
 110712 | Valkyrie
  99522 | Valkyrie
  99483 | Valkyrie
  99482 | Valkyrie
  99481 | Valkyrie
  99480 | Valkyrie
 108493 | Valkyrie
  99289 | Valkyrie
 109288 | Valkyrie
 109289 | Valkyrie
 111324 | Valkyrie
 109290 | Valkyrie
 110152 | Valkyrie
 109291 | Valkyrie
 108511 | Valkyrie
 110153 | Valkyrie
 105397 | Valkyrie
 110724 | Valkyrie
 110155 | Valkyrie
 111328 | Valkyrie
 109294 | Valkyrie
 111329 | Valkyrie
 109295 | Valkyrie
 110156 | Valkyrie
 110157 | Valkyrie
 111330 | Valkyrie
 110158 | Valkyrie
 109297 | Valkyrie
 111331 | Valkyrie
 111332 | Valkyrie
 110729 | Valkyrie
 109298 | Valkyrie
 111336 | Valkyrie
 111339 | Valkyrie
 110167 | Valkyrie
 110448 | Valkyrie
 110449 | Valkyrie
 110450 | Valkyrie
 111020 | Valkyrie
 108619 | Valkyrie
 110451 | Valkyrie
 111022 | Valkyrie
 111023 | Valkyrie
 108551 | Valkyrie
 115740 | Valkyrie
 111024 | Valkyrie
 108552 | Valkyrie
 111025 | Valkyrie
 110746 | Valkyrie
 108553 | Valkyrie
 110456 | Valkyrie
 110747 | Valkyrie
 108555 | Valkyrie
 108556 | Valkyrie
 111029 | Valkyrie
 110459 | Valkyrie
 110180 | Valkyrie
 111032 | Valkyrie
 110754 | Valkyrie
 111035 | Valkyrie
 110755 | Valkyrie
 110185 | Valkyrie
 110756 | Valkyrie
 110758 | Valkyrie
 108573 | Valkyrie
 110760 | Valkyrie
 108574 | Valkyrie
 110189 | Valkyrie
 110190 | Valkyrie
 110761 | Valkyrie
 108575 | Valkyrie
 108576 | Valkyrie
 110762 | Valkyrie
 108577 | Valkyrie
 108578 | Valkyrie
 109836 | Valkyrie
 109837 | Valkyrie
 109838 | Valkyrie
 109839 | Valkyrie
 109840 | Valkyrie
 110200 | Valkyrie
 109841 | Valkyrie
 110201 | Valkyrie
 109842 | Valkyrie
 110772 | Valkyrie
 110202 | Valkyrie
 109843 | Valkyrie
 110773 | Valkyrie
 110482 | Valkyrie
 110774 | Valkyrie
 110483 | Valkyrie
 110203 | Valkyrie
 110775 | Valkyrie
 110484 | Valkyrie
 110204 | Valkyrie
 107861 | Valkyrie
 107857 | Valkyrie
 107790 | Valkyrie
 107697 | Valkyrie
 107559 | Valkyrie
 107546 | Valkyrie
 107501 | Valkyrie
 107641 | Valkyrie
 107424 | Valkyrie
 107383 | Valkyrie
 107354 | Valkyrie
 107337 | Valkyrie
 107307 | Valkyrie
 107263 | Valkyrie
 107199 | Valkyrie
 107183 | Valkyrie
 107179 | Valkyrie
 107048 | Valkyrie
 107015 | Valkyrie
 107014 | Valkyrie
 107013 | Valkyrie
 106841 | Valkyrie
 106840 | Valkyrie
 106816 | Valkyrie
 106815 | Valkyrie
 106774 | Valkyrie
 106674 | Valkyrie
 106539 | Valkyrie
 106536 | Valkyrie
 106408 | Valkyrie
 106178 | Valkyrie
 106133 | Valkyrie
 105921 | Valkyrie
 105893 | Valkyrie
 105890 | Valkyrie
 105819 | Valkyrie
 105806 | Valkyrie
 105741 | Valkyrie
 105612 | Valkyrie
 105592 | Valkyrie
 105544 | Valkyrie
 105451 | Valkyrie
 104951 | Valkyrie
 104631 | Valkyrie
 104469 | Valkyrie
 104468 | Valkyrie
 104350 | Valkyrie
 104060 | Valkyrie
 104054 | Valkyrie
 104033 | Valkyrie
 103925 | Valkyrie
 103910 | Valkyrie
 103778 | Valkyrie
 111374 | Valkyrie
 111384 | Valkyrie
 111385 | Valkyrie
 111423 | Valkyrie
 111424 | Valkyrie
 111426 | Valkyrie
 111430 | Valkyrie
 111453 | Valkyrie
 111454 | Valkyrie
 111455 | Valkyrie
 111456 | Valkyrie
 111462 | Valkyrie
 111468 | Valkyrie
 111471 | Valkyrie
 111477 | Valkyrie
 111478 | Valkyrie
 111481 | Valkyrie
 111487 | Valkyrie
 111520 | Valkyrie
 111522 | Valkyrie
 111523 | Valkyrie
 111524 | Valkyrie
 111525 | Valkyrie
 111526 | Valkyrie
 111527 | Valkyrie
 111528 | Valkyrie
 111529 | Valkyrie
 111530 | Valkyrie
 111540 | Valkyrie
 111553 | Valkyrie
 111554 | Valkyrie
 111556 | Valkyrie
 111557 | Valkyrie
 111601 | Valkyrie
 111606 | Valkyrie
 111609 | Valkyrie
 115080 | Valkyrie
 111618 | Valkyrie
 111623 | Valkyrie
 111635 | Valkyrie
 111636 | Valkyrie
 111642 | Valkyrie
 111643 | Valkyrie
 111644 | Valkyrie
 111645 | Valkyrie
 111673 | Valkyrie
 111679 | Valkyrie
 111680 | Valkyrie
 111696 | Valkyrie
 111705 | Valkyrie
 111698 | Valkyrie
 111726 | Valkyrie
 111682 | Valkyrie
 111637 | Valkyrie
 111600 | Valkyrie
 111467 | Valkyrie
 111276 | Valkyrie
 111275 | Valkyrie
 111026 | Valkyrie
 110901 | Valkyrie
 110757 | Valkyrie
 110714 | Valkyrie
 111638 | Valkyrie
 110629 | Valkyrie
 110495 | Valkyrie
 109439 | Valkyrie
 109055 | Valkyrie
 108765 | Valkyrie
 108680 | Valkyrie
 108341 | Valkyrie
 108047 | Valkyrie
 107980 | Valkyrie
 107977 | Valkyrie
 107973 | Valkyrie
 107561 | Valkyrie
 107425 | Valkyrie
 107386 | Valkyrie
 107370 | Valkyrie
 107161 | Valkyrie
 107049 | Valkyrie
 106916 | Valkyrie
 106839 | Valkyrie
 106771 | Valkyrie
 106765 | Valkyrie
 106675 | Valkyrie
 106673 | Valkyrie
 106672 | Valkyrie
 106179 | Valkyrie
 106057 | Valkyrie
 106000 | Valkyrie
 105901 | Valkyrie
 105822 | Valkyrie
 105615 | Valkyrie
 105589 | Valkyrie
 105515 | Valkyrie
 105453 | Valkyrie
 104971 | Valkyrie
 104544 | Valkyrie
 104416 | Valkyrie
 103855 | Valkyrie
 103812 | Valkyrie
 103468 | Valkyrie
 103195 | Valkyrie
 103094 | Valkyrie
 102865 | Valkyrie
 102733 | Valkyrie
 101989 | Valkyrie
 101941 | Valkyrie
 111727 | Valkyrie
 116074 | Valkyrie
 117001 | Valkyrie
 117328 | Valkyrie
 117672 | Valkyrie
 118143 | Valkyrie
 118469 | Valkyrie
 118795 | Valkyrie
 119459 | Valkyrie
 120115 | Valkyrie
 120783 | Valkyrie
 111730 | Valkyrie
 118796 | Valkyrie
 116073 | Valkyrie
 118144 | Valkyrie
 116075 | Valkyrie
 118797 | Valkyrie
 118471 | Valkyrie
 120784 | Valkyrie
 114947 | Valkyrie
 115318 | Valkyrie
 116076 | Valkyrie
 118798 | Valkyrie
 118472 | Valkyrie
 115089 | Valkyrie
 114946 | Valkyrie
 116425 | Valkyrie
 119463 | Valkyrie
 115090 | Valkyrie
 114945 | Valkyrie
 116426 | Valkyrie
 119464 | Valkyrie
 115091 | Valkyrie
 116427 | Valkyrie
 118149 | Valkyrie
 119465 | Valkyrie
 115092 | Valkyrie
 119466 | Valkyrie
 115748 | Valkyrie
 116428 | Valkyrie
 117838 | Valkyrie
 118151 | Valkyrie
 118477 | Valkyrie
 115750 | Valkyrie
 116082 | Valkyrie
 115751 | Valkyrie
 116083 | Valkyrie
 116431 | Valkyrie
 118154 | Valkyrie
 116084 | Valkyrie
 116432 | Valkyrie
 115753 | Valkyrie
 116433 | Valkyrie
 116434 | Valkyrie
 119472 | Valkyrie
 116435 | Valkyrie
 120785 | Valkyrie
 117687 | Valkyrie
 115756 | Valkyrie
 116088 | Valkyrie
 116436 | Valkyrie
 117846 | Valkyrie
 116470 | Valkyrie
 117847 | Valkyrie
 115757 | Valkyrie
 116089 | Valkyrie
 116407 | Valkyrie
 119474 | Valkyrie

